<?xml version="1.0" encoding="UTF-8"?>
<testng-results skipped="0" failed="0" total="1" passed="1">
  <reporter-output>
  </reporter-output>
  <suite name="Default suite" duration-ms="170325" started-at="2016-07-14T12:47:21Z" finished-at="2016-07-14T12:50:11Z">
    <groups>
    </groups>
    <test name="Default test" duration-ms="170325" started-at="2016-07-14T12:47:21Z" finished-at="2016-07-14T12:50:11Z">
      <class name="com.servicestack.servicenow.ServiceNow">
        <test-method status="PASS" signature="testSetup()[pri:0, instance:com.servicestack.servicenow.ServiceNow@7e0babb1]" name="testSetup" is-config="true" duration-ms="29544" started-at="2016-07-14T18:17:21Z" finished-at="2016-07-14T18:17:50Z">
          <reporter-output>
          </reporter-output>
        </test-method> <!-- testSetup -->
        <test-method status="PASS" signature="testKnowledge()[pri:0, instance:com.servicestack.servicenow.ServiceNow@7e0babb1]" name="testKnowledge" duration-ms="140768" started-at="2016-07-14T18:17:50Z" finished-at="2016-07-14T18:20:11Z">
          <reporter-output>
          </reporter-output>
        </test-method> <!-- testKnowledge -->
      </class> <!-- com.servicestack.servicenow.ServiceNow -->
    </test> <!-- Default test -->
  </suite> <!-- Default suite -->
</testng-results>
